Using pre-set license
Built from '2021.3/staging' branch; Version is '2021.3.24f1 (cf10dcf7010d) revision 13570268'; Using compiler version '192829333'; Build Type 'Release'
OS: 'Windows 10  (10.0.19045) 64bit Professional' Language: 'en' Physical Memory: 8097 MB
BatchMode: 1, IsHumanControllingUs: 0, StartBugReporterOnCrash: 0, Is64bit: 1, IsPro: 1

COMMAND LINE ARGUMENTS:
F:\Unity 2021.3.24f1\Editor\Unity.exe
-adb2
-batchMode
-noUpm
-name
AssetImportWorker0
-projectPath
F:/RAR Files/FYP1.1
-logFile
Logs/AssetImportWorker0.log
-srvPort
1786
Successfully changed project path to: F:/RAR Files/FYP1.1
F:/RAR Files/FYP1.1
[UnityMemory] Configuration Parameters - Can be set up in boot.config
    "memorysetup-bucket-allocator-granularity=16"
    "memorysetup-bucket-allocator-bucket-count=8"
    "memorysetup-bucket-allocator-block-size=33554432"
    "memorysetup-bucket-allocator-block-count=8"
    "memorysetup-main-allocator-block-size=16777216"
    "memorysetup-thread-allocator-block-size=16777216"
    "memorysetup-gfx-main-allocator-block-size=16777216"
    "memorysetup-gfx-thread-allocator-block-size=16777216"
    "memorysetup-cache-allocator-block-size=4194304"
    "memorysetup-typetree-allocator-block-size=2097152"
    "memorysetup-profiler-bucket-allocator-granularity=16"
    "memorysetup-profiler-bucket-allocator-bucket-count=8"
    "memorysetup-profiler-bucket-allocator-block-size=33554432"
    "memorysetup-profiler-bucket-allocator-block-count=8"
    "memorysetup-profiler-allocator-block-size=16777216"
    "memorysetup-profiler-editor-allocator-block-size=1048576"
    "memorysetup-temp-allocator-size-main=16777216"
    "memorysetup-job-temp-allocator-block-size=2097152"
    "memorysetup-job-temp-allocator-block-size-background=1048576"
    "memorysetup-job-temp-allocator-reduction-small-platforms=262144"
    "memorysetup-temp-allocator-size-background-worker=32768"
    "memorysetup-temp-allocator-size-job-worker=262144"
    "memorysetup-temp-allocator-size-preload-manager=33554432"
    "memorysetup-temp-allocator-size-nav-mesh-worker=65536"
    "memorysetup-temp-allocator-size-audio-worker=65536"
    "memorysetup-temp-allocator-size-cloud-worker=32768"
    "memorysetup-temp-allocator-size-gi-baking-worker=262144"
    "memorysetup-temp-allocator-size-gfx=262144"
Player connection [8172] Host "[IP] 192.168.245.1 [Port] 0 [Flags] 2 [Guid] 1115558582 [EditorId] 1115558582 [Version] 1048832 [Id] WindowsEditor(7,DESKTOP-RLAACCS) [Debug] 1 [PackageName] WindowsEditor [ProjectName] Editor" joined multi-casting on [225.0.0.222:54997]...

Player connection [8172] Host "[IP] 192.168.245.1 [Port] 0 [Flags] 2 [Guid] 1115558582 [EditorId] 1115558582 [Version] 1048832 [Id] WindowsEditor(7,DESKTOP-RLAACCS) [Debug] 1 [PackageName] WindowsEditor [ProjectName] Editor" joined alternative multi-casting on [225.0.0.222:34997]...

Refreshing native plugins compatible for Editor in 160.34 ms, found 3 plugins.
Preloading 0 native plugins for Editor in 0.00 ms.
Initialize engine version: 2021.3.24f1 (cf10dcf7010d)
[Subsystems] Discovering subsystems at path F:/Unity 2021.3.24f1/Editor/Data/Resources/UnitySubsystems
[Subsystems] Discovering subsystems at path F:/RAR Files/FYP1.1/Assets
GfxDevice: creating device client; threaded=0; jobified=0
Direct3D:
    Version:  Direct3D 11.0 [level 11.1]
    Renderer: Intel(R) HD Graphics Family (ID=0xa16)
    Vendor:   Intel
    VRAM:     2048 MB
    Driver:   20.19.15.5063
Initialize mono
Mono path[0] = 'F:/Unity 2021.3.24f1/Editor/Data/Managed'
Mono path[1] = 'F:/Unity 2021.3.24f1/Editor/Data/MonoBleedingEdge/lib/mono/unityjit-win32'
Mono config path = 'F:/Unity 2021.3.24f1/Editor/Data/MonoBleedingEdge/etc'
Using monoOptions --debugger-agent=transport=dt_socket,embedding=1,server=y,suspend=n,address=127.0.0.1:56332
Begin MonoManager ReloadAssembly
Registering precompiled unity dll's ...
Register platform support module: F:/Unity 2021.3.24f1/Editor/Data/PlaybackEngines/AndroidPlayer/UnityEditor.Android.Extensions.dll
Register platform support module: F:/Unity 2021.3.24f1/Editor/Data/PlaybackEngines/WindowsStandaloneSupport/UnityEditor.WindowsStandalone.Extensions.dll
Registered in 0.003574 seconds.
Native extension for WindowsStandalone target not found
Native extension for Android target not found
Refreshing native plugins compatible for Editor in 134.11 ms, found 3 plugins.
Preloading 0 native plugins for Editor in 0.00 ms.
Mono: successfully reloaded assembly
- Completed reload, in  0.940 seconds
Domain Reload Profiling:
	ReloadAssembly (941ms)
		BeginReloadAssembly (129ms)
			ExecutionOrderSort (0ms)
			DisableScriptedObjects (0ms)
			BackupInstance (0ms)
			ReleaseScriptingObjects (0ms)
			CreateAndSetChildDomain (1ms)
		EndReloadAssembly (684ms)
			LoadAssemblies (129ms)
			RebuildTransferFunctionScriptingTraits (0ms)
			SetupTypeCache (162ms)
			ReleaseScriptCaches (0ms)
			RebuildScriptCaches (43ms)
			SetupLoadedEditorAssemblies (408ms)
				LogAssemblyErrors (0ms)
				InitializePlatformSupportModulesInManaged (77ms)
				SetLoadedEditorAssemblies (0ms)
				RefreshPlugins (134ms)
				BeforeProcessingInitializeOnLoad (2ms)
				ProcessInitializeOnLoadAttributes (131ms)
				ProcessInitializeOnLoadMethodAttributes (64ms)
				AfterProcessingInitializeOnLoad (0ms)
				EditorAssembliesLoaded (0ms)
			ExecutionOrderSort2 (0ms)
			AwakeInstancesAfterBackupRestoration (0ms)
Platform modules already initialized, skipping
Registering precompiled user dll's ...
Registered in 0.008585 seconds.
Begin MonoManager ReloadAssembly
Symbol file LoadedFromMemory doesn't match image F:\RAR Files\FYP1.1\Library\PackageCache\com.unity.visualscripting@1.8.0\Editor\VisualScripting.Core\Dependencies\YamlDotNet\Unity.VisualScripting.YamlDotNet.dll
Symbol file LoadedFromMemory doesn't match image F:\RAR Files\FYP1.1\Library\PackageCache\com.unity.visualscripting@1.8.0\Editor\VisualScripting.Core\Dependencies\DotNetZip\Unity.VisualScripting.IonicZip.dll
Native extension for WindowsStandalone target not found
Native extension for Android target not found
Refreshing native plugins compatible for Editor in 2.56 ms, found 3 plugins.
Preloading 0 native plugins for Editor in 0.00 ms.
Mono: successfully reloaded assembly
- Completed reload, in  2.168 seconds
Domain Reload Profiling:
	ReloadAssembly (2169ms)
		BeginReloadAssembly (219ms)
			ExecutionOrderSort (0ms)
			DisableScriptedObjects (9ms)
			BackupInstance (0ms)
			ReleaseScriptingObjects (0ms)
			CreateAndSetChildDomain (38ms)
		EndReloadAssembly (1775ms)
			LoadAssemblies (167ms)
			RebuildTransferFunctionScriptingTraits (0ms)
			SetupTypeCache (553ms)
			ReleaseScriptCaches (1ms)
			RebuildScriptCaches (191ms)
			SetupLoadedEditorAssemblies (776ms)
				LogAssemblyErrors (0ms)
				InitializePlatformSupportModulesInManaged (52ms)
				SetLoadedEditorAssemblies (2ms)
				RefreshPlugins (3ms)
				BeforeProcessingInitializeOnLoad (191ms)
				ProcessInitializeOnLoadAttributes (475ms)
				ProcessInitializeOnLoadMethodAttributes (45ms)
				AfterProcessingInitializeOnLoad (7ms)
				EditorAssembliesLoaded (0ms)
			ExecutionOrderSort2 (0ms)
			AwakeInstancesAfterBackupRestoration (9ms)
Platform modules already initialized, skipping
========================================================================
Worker process is ready to serve import requests
Launched and connected shader compiler UnityShaderCompiler.exe after 2.50 seconds
Refreshing native plugins compatible for Editor in 2.88 ms, found 3 plugins.
Preloading 0 native plugins for Editor in 0.00 ms.
Unloading 3382 Unused Serialized files (Serialized files now loaded: 0)
Unloading 24 unused Assets / (114.7 KB). Loaded Objects now: 3897.
Memory consumption went from 167.1 MB to 167.0 MB.
Total: 6.468600 ms (FindLiveObjects: 0.476700 ms CreateObjectMapping: 0.403400 ms MarkObjects: 5.200000 ms  DeleteObjects: 0.387300 ms)

AssetImportParameters requested are different than current active one (requested -> active):
  custom:video-decoder-ogg-theora: a1e56fd34408186e4bbccfd4996cb3dc -> 
  custom:container-muxer-webm: aa71ff27fc2769a1b78a27578f13a17b -> 
  custom:container-demuxer-webm: 4f35f7cbe854078d1ac9338744f61a02 -> 
  custom:video-encoder-webm-vp8: eb34c28f22e8b96e1ab97ce403110664 -> 
  custom:audio-encoder-webm-vorbis: bf7c407c2cedff20999df2af8eb42d56 -> 
  custom:framework-win-MediaFoundation: 216162199b28c13a410421893ffa2e32 -> 
  custom:container-demuxer-ogg: 62fdf1f143b41e24485cea50d1cbac27 -> 
  custom:video-decoder-webm-vp8: 9c59270c3fd7afecdb556c50c9e8de78 -> 
  custom:audio-decoder-ogg-vorbis: bf7c407c2cedff20999df2af8eb42d56 -> 
========================================================================
Received Import Request.
  Time since last request: 64536.116886 seconds.
  path: Assets/UniversalVehicleController/Scenes
  artifactKey: Guid(e75391510b1bde64585feba83a8cc96f) Importer(815301076,1909f56bfc062723c751e8b465ee728b)
Start importing Assets/UniversalVehicleController/Scenes using Guid(e75391510b1bde64585feba83a8cc96f) Importer(815301076,1909f56bfc062723c751e8b465ee728b)  -> (artifact id: 'cd6d3ce79cd04a748baaf5b5281ca664') in 2.005234 seconds 
========================================================================
Received Import Request.
  Time since last request: 19.166955 seconds.
  path: Assets/UniversalVehicleController/Scenes/RaceScene_RaceAI
  artifactKey: Guid(a68dbe800b7389941b3de7ec1b497369) Importer(815301076,1909f56bfc062723c751e8b465ee728b)
Start importing Assets/UniversalVehicleController/Scenes/RaceScene_RaceAI using Guid(a68dbe800b7389941b3de7ec1b497369) Importer(815301076,1909f56bfc062723c751e8b465ee728b)  -> (artifact id: '99666805201b17d068288751d7962a45') in 0.143099 seconds 
========================================================================
Received Import Request.
  Time since last request: 0.000039 seconds.
  path: Assets/UniversalVehicleController/Scenes/RaceScene_RaceAI/ReflectionProbe-0.exr
  artifactKey: Guid(4514ce827d500204e9d7878539410ea0) Importer(815301076,1909f56bfc062723c751e8b465ee728b)
Start importing Assets/UniversalVehicleController/Scenes/RaceScene_RaceAI/ReflectionProbe-0.exr using Guid(4514ce827d500204e9d7878539410ea0) Importer(815301076,1909f56bfc062723c751e8b465ee728b)  -> (artifact id: 'b79cdd7e124d43f15bce7826ca236e81') in 0.792317 seconds 
========================================================================
Received Import Request.
  Time since last request: 4.201637 seconds.
  path: Assets/Env.prefab
  artifactKey: Guid(02a7353eece4c9b4c8a8979845ae366e) Importer(815301076,1909f56bfc062723c751e8b465ee728b)
Start importing Assets/Env.prefab using Guid(02a7353eece4c9b4c8a8979845ae366e) Importer(815301076,1909f56bfc062723c751e8b465ee728b)  -> (artifact id: '087d27fcf632975f2a59c118a2690cc7') in 4.749930 seconds 
========================================================================
Received Import Request.
  Time since last request: 9.262560 seconds.
  path: Assets/UniversalVehicleController/Scenes/RaceScene_PursuitAI
  artifactKey: Guid(d3734db8c8f62a145ba8651890fd79e0) Importer(815301076,1909f56bfc062723c751e8b465ee728b)
Start importing Assets/UniversalVehicleController/Scenes/RaceScene_PursuitAI using Guid(d3734db8c8f62a145ba8651890fd79e0) Importer(815301076,1909f56bfc062723c751e8b465ee728b)  -> (artifact id: '96b45bd304b62b271e24cc6ae046a238') in 0.026144 seconds 
========================================================================
Received Import Request.
  Time since last request: 12.041396 seconds.
  path: Assets/UniversalVehicleController/Scenes/DriftScene_CharacterController.unity
  artifactKey: Guid(5dea6fd4123659d4d80c02197ab18d11) Importer(815301076,1909f56bfc062723c751e8b465ee728b)
Start importing Assets/UniversalVehicleController/Scenes/DriftScene_CharacterController.unity using Guid(5dea6fd4123659d4d80c02197ab18d11) Importer(815301076,1909f56bfc062723c751e8b465ee728b)  -> (artifact id: 'b3bb1e16775863f7d2014a062b6b1913') in 0.033173 seconds 
========================================================================
Received Import Request.
  Time since last request: 7.614505 seconds.
  path: Assets/UniversalVehicleController/Scenes/DriftScene_DriftAI.unity
  artifactKey: Guid(cdfcdadea2ad74f4682a592cce9aae76) Importer(815301076,1909f56bfc062723c751e8b465ee728b)
Start importing Assets/UniversalVehicleController/Scenes/DriftScene_DriftAI.unity using Guid(cdfcdadea2ad74f4682a592cce9aae76) Importer(815301076,1909f56bfc062723c751e8b465ee728b)  -> (artifact id: '17fa51742a5cd0d40cc3b2f9013b101a') in 0.023319 seconds 
========================================================================
Received Import Request.
  Time since last request: 6.698987 seconds.
  path: Assets/UniversalVehicleController/Scenes/PrototypeScene.unity
  artifactKey: Guid(b6d9d29696d508f4cb0d393780bbe1b9) Importer(815301076,1909f56bfc062723c751e8b465ee728b)
Start importing Assets/UniversalVehicleController/Scenes/PrototypeScene.unity using Guid(b6d9d29696d508f4cb0d393780bbe1b9) Importer(815301076,1909f56bfc062723c751e8b465ee728b)  -> (artifact id: 'ca71179b5fa702695519b398f17f388e') in 0.022717 seconds 
========================================================================
Received Import Request.
  Time since last request: 3.625667 seconds.
  path: Assets/UniversalVehicleController/Scenes/RaceScene_CharacterController.unity
  artifactKey: Guid(b3ebccadb7090934294cfda105c72746) Importer(815301076,1909f56bfc062723c751e8b465ee728b)
Start importing Assets/UniversalVehicleController/Scenes/RaceScene_CharacterController.unity using Guid(b3ebccadb7090934294cfda105c72746) Importer(815301076,1909f56bfc062723c751e8b465ee728b)  -> (artifact id: '17cb4926a65840f5586f80cf1f4009af') in 0.032914 seconds 
========================================================================
Received Import Request.
  Time since last request: 3.015941 seconds.
  path: Assets/UniversalVehicleController/Scenes/RaceScene_Bikes_RaceAI.unity
  artifactKey: Guid(fa2dae15a097d594d8258c1a966567f9) Importer(815301076,1909f56bfc062723c751e8b465ee728b)
Start importing Assets/UniversalVehicleController/Scenes/RaceScene_Bikes_RaceAI.unity using Guid(fa2dae15a097d594d8258c1a966567f9) Importer(815301076,1909f56bfc062723c751e8b465ee728b)  -> (artifact id: '82684290da22ea3287db76c8612d1eb2') in 0.064993 seconds 
========================================================================
Received Import Request.
  Time since last request: 2.758152 seconds.
  path: Assets/UniversalVehicleController/Scenes/RaceScene.unity
  artifactKey: Guid(34deb619ca55ddd499ae4aaab13a27b2) Importer(815301076,1909f56bfc062723c751e8b465ee728b)
Start importing Assets/UniversalVehicleController/Scenes/RaceScene.unity using Guid(34deb619ca55ddd499ae4aaab13a27b2) Importer(815301076,1909f56bfc062723c751e8b465ee728b)  -> (artifact id: '40dc33f5dc877fc295a112102f12c779') in 0.021409 seconds 
========================================================================
Received Import Request.
  Time since last request: 2.021629 seconds.
  path: Assets/UniversalVehicleController/Scenes/PrototypeScene_RaceAI.unity
  artifactKey: Guid(8005b71dc9fcbf04ba9f64eebfaa279b) Importer(815301076,1909f56bfc062723c751e8b465ee728b)
Start importing Assets/UniversalVehicleController/Scenes/PrototypeScene_RaceAI.unity using Guid(8005b71dc9fcbf04ba9f64eebfaa279b) Importer(815301076,1909f56bfc062723c751e8b465ee728b)  -> (artifact id: '85be3b287c35462de573b9af9c37a3b9') in 0.018767 seconds 
========================================================================
Received Import Request.
  Time since last request: 87.582260 seconds.
  path: Assets/UniversalVehicleController/Balance/AI/BikeRaceAIConfig.asset
  artifactKey: Guid(ab62abe5749c5c24f8cb27dec5889691) Importer(815301076,1909f56bfc062723c751e8b465ee728b)
Start importing Assets/UniversalVehicleController/Balance/AI/BikeRaceAIConfig.asset using Guid(ab62abe5749c5c24f8cb27dec5889691) Importer(815301076,1909f56bfc062723c751e8b465ee728b)  -> (artifact id: 'd58d5754cc7210460b0e2bb5fd7408e3') in 0.264876 seconds 
========================================================================
Received Import Request.
  Time since last request: 0.000035 seconds.
  path: Assets/UniversalVehicleController/Balance/AI/PursuitAIConfig.asset
  artifactKey: Guid(4bc031782f53aec4685a33e35810efd3) Importer(815301076,1909f56bfc062723c751e8b465ee728b)
Start importing Assets/UniversalVehicleController/Balance/AI/PursuitAIConfig.asset using Guid(4bc031782f53aec4685a33e35810efd3) Importer(815301076,1909f56bfc062723c751e8b465ee728b)  -> (artifact id: '902bb6c6a0371667db655d4d4e16f2bb') in 0.160499 seconds 
========================================================================
Received Import Request.
  Time since last request: 0.000044 seconds.
  path: Assets/UniversalVehicleController/Balance/AI/RaceAIConfig.asset
  artifactKey: Guid(2cdfb75418c76ef48ac564816e38b107) Importer(815301076,1909f56bfc062723c751e8b465ee728b)
Start importing Assets/UniversalVehicleController/Balance/AI/RaceAIConfig.asset using Guid(2cdfb75418c76ef48ac564816e38b107) Importer(815301076,1909f56bfc062723c751e8b465ee728b)  -> (artifact id: '152d6cfdf5d1ddd34621bd3955a5985a') in 0.209626 seconds 
========================================================================
Received Prepare
Registering precompiled user dll's ...
Registered in 0.005603 seconds.
Begin MonoManager ReloadAssembly
Symbol file LoadedFromMemory doesn't match image F:\RAR Files\FYP1.1\Library\PackageCache\com.unity.visualscripting@1.8.0\Editor\VisualScripting.Core\Dependencies\YamlDotNet\Unity.VisualScripting.YamlDotNet.dll
Symbol file LoadedFromMemory doesn't match image F:\RAR Files\FYP1.1\Library\PackageCache\com.unity.visualscripting@1.8.0\Editor\VisualScripting.Core\Dependencies\DotNetZip\Unity.VisualScripting.IonicZip.dll
Native extension for WindowsStandalone target not found
Native extension for Android target not found
Refreshing native plugins compatible for Editor in 1.09 ms, found 3 plugins.
Preloading 0 native plugins for Editor in 0.00 ms.
Mono: successfully reloaded assembly
- Completed reload, in  1.764 seconds
Domain Reload Profiling:
	ReloadAssembly (1765ms)
		BeginReloadAssembly (257ms)
			ExecutionOrderSort (0ms)
			DisableScriptedObjects (12ms)
			BackupInstance (0ms)
			ReleaseScriptingObjects (0ms)
			CreateAndSetChildDomain (68ms)
		EndReloadAssembly (1348ms)
			LoadAssemblies (169ms)
			RebuildTransferFunctionScriptingTraits (0ms)
			SetupTypeCache (519ms)
			ReleaseScriptCaches (2ms)
			RebuildScriptCaches (77ms)
			SetupLoadedEditorAssemblies (534ms)
				LogAssemblyErrors (0ms)
				InitializePlatformSupportModulesInManaged (29ms)
				SetLoadedEditorAssemblies (1ms)
				RefreshPlugins (1ms)
				BeforeProcessingInitializeOnLoad (100ms)
				ProcessInitializeOnLoadAttributes (351ms)
				ProcessInitializeOnLoadMethodAttributes (41ms)
				AfterProcessingInitializeOnLoad (12ms)
				EditorAssembliesLoaded (0ms)
			ExecutionOrderSort2 (0ms)
			AwakeInstancesAfterBackupRestoration (11ms)
Platform modules already initialized, skipping
Refreshing native plugins compatible for Editor in 3.80 ms, found 3 plugins.
Preloading 0 native plugins for Editor in 0.00 ms.
Unloading 3374 Unused Serialized files (Serialized files now loaded: 0)
Unloading 17 unused Assets / (81.4 KB). Loaded Objects now: 3933.
Memory consumption went from 174.8 MB to 174.7 MB.
Total: 3.900600 ms (FindLiveObjects: 0.324400 ms CreateObjectMapping: 0.154600 ms MarkObjects: 3.295500 ms  DeleteObjects: 0.125000 ms)

AssetImportParameters requested are different than current active one (requested -> active):
  custom:video-decoder-ogg-theora: a1e56fd34408186e4bbccfd4996cb3dc -> 
  custom:container-muxer-webm: aa71ff27fc2769a1b78a27578f13a17b -> 
  custom:container-demuxer-webm: 4f35f7cbe854078d1ac9338744f61a02 -> 
  custom:video-encoder-webm-vp8: eb34c28f22e8b96e1ab97ce403110664 -> 
  custom:audio-encoder-webm-vorbis: bf7c407c2cedff20999df2af8eb42d56 -> 
  custom:framework-win-MediaFoundation: 216162199b28c13a410421893ffa2e32 -> 
  custom:container-demuxer-ogg: 62fdf1f143b41e24485cea50d1cbac27 -> 
  custom:video-decoder-webm-vp8: 9c59270c3fd7afecdb556c50c9e8de78 -> 
  custom:audio-decoder-ogg-vorbis: bf7c407c2cedff20999df2af8eb42d56 -> 
========================================================================
Received Import Request.
  Time since last request: 231.082359 seconds.
  path: Assets/UniversalVehicleController/Balance/Settings/LayerSettings.asset
  artifactKey: Guid(9d1ae3c29d6ce6b4d8af595b1210eeef) Importer(815301076,1909f56bfc062723c751e8b465ee728b)
Start importing Assets/UniversalVehicleController/Balance/Settings/LayerSettings.asset using Guid(9d1ae3c29d6ce6b4d8af595b1210eeef) Importer(815301076,1909f56bfc062723c751e8b465ee728b)  -> (artifact id: 'cd63f6434317408f6dc7556f87965cd4') in 0.052895 seconds 
========================================================================
Received Import Request.
  Time since last request: 0.000044 seconds.
  path: Assets/UniversalVehicleController/Balance/Settings/ResourcesSettings.asset
  artifactKey: Guid(75929064ad3ae2c43bcae29d2dc70c0f) Importer(815301076,1909f56bfc062723c751e8b465ee728b)
Start importing Assets/UniversalVehicleController/Balance/Settings/ResourcesSettings.asset using Guid(75929064ad3ae2c43bcae29d2dc70c0f) Importer(815301076,1909f56bfc062723c751e8b465ee728b)  -> (artifact id: 'd6ca55edecd7a8457007054a2b5709ea') in 0.144017 seconds 
========================================================================
Received Import Request.
  Time since last request: 5.693084 seconds.
  path: Assets/UniversalVehicleController/Graphics/CarSpotLight.prefab
  artifactKey: Guid(1710cf83e188d334da00d02d7cdd989e) Importer(815301076,1909f56bfc062723c751e8b465ee728b)
Start importing Assets/UniversalVehicleController/Graphics/CarSpotLight.prefab using Guid(1710cf83e188d334da00d02d7cdd989e) Importer(815301076,1909f56bfc062723c751e8b465ee728b)  -> (artifact id: '755043850d6d02a6faaa4a74b7411f43') in 0.191167 seconds 
========================================================================
Received Import Request.
  Time since last request: 0.000050 seconds.
  path: Assets/UniversalVehicleController/Graphics/Directional Light_Night.prefab
  artifactKey: Guid(63ade251450fbeb43a86c7ea7c340583) Importer(815301076,1909f56bfc062723c751e8b465ee728b)
Start importing Assets/UniversalVehicleController/Graphics/Directional Light_Night.prefab using Guid(63ade251450fbeb43a86c7ea7c340583) Importer(815301076,1909f56bfc062723c751e8b465ee728b)  -> (artifact id: '4f3dde9e54fb59f5f2ec84c6402295e8') in 0.137976 seconds 
========================================================================
Received Import Request.
  Time since last request: 0.000465 seconds.
  path: Assets/UniversalVehicleController/Graphics/GlobalVolume_p1.prefab
  artifactKey: Guid(e11855c2dcbf68947a8a8cf0e089019f) Importer(815301076,1909f56bfc062723c751e8b465ee728b)
Start importing Assets/UniversalVehicleController/Graphics/GlobalVolume_p1.prefab using Guid(e11855c2dcbf68947a8a8cf0e089019f) Importer(815301076,1909f56bfc062723c751e8b465ee728b)  -> (artifact id: '1495bef51c639aa3810191d328e0ea42') in 0.030453 seconds 
========================================================================
Received Import Request.
  Time since last request: 0.944083 seconds.
  path: Assets/UniversalVehicleController/PhysicsMaterials/MaxFriction.physicMaterial
  artifactKey: Guid(0f21282a38cc96c4d8426f20b67fea05) Importer(815301076,1909f56bfc062723c751e8b465ee728b)
Start importing Assets/UniversalVehicleController/PhysicsMaterials/MaxFriction.physicMaterial using Guid(0f21282a38cc96c4d8426f20b67fea05) Importer(815301076,1909f56bfc062723c751e8b465ee728b)  -> (artifact id: '7a92391e218a7cf5736bd31c6d7f0476') in 0.015217 seconds 
========================================================================
Received Import Request.
  Time since last request: 0.000037 seconds.
  path: Assets/UniversalVehicleController/PhysicsMaterials/MinFriction.physicMaterial
  artifactKey: Guid(f5e423dcde532ef439244f3d78b49539) Importer(815301076,1909f56bfc062723c751e8b465ee728b)
Start importing Assets/UniversalVehicleController/PhysicsMaterials/MinFriction.physicMaterial using Guid(f5e423dcde532ef439244f3d78b49539) Importer(815301076,1909f56bfc062723c751e8b465ee728b)  -> (artifact id: '894d09244e50ebcc56a56469f9ad719b') in 0.047066 seconds 
========================================================================
Received Import Request.
  Time since last request: 3.625948 seconds.
  path: Assets/UniversalVehicleController/Scenes/DriftScene/ReflectionProbe-0.exr
  artifactKey: Guid(c249aaafab883c84b957d1608094a463) Importer(815301076,1909f56bfc062723c751e8b465ee728b)
Start importing Assets/UniversalVehicleController/Scenes/DriftScene/ReflectionProbe-0.exr using Guid(c249aaafab883c84b957d1608094a463) Importer(815301076,1909f56bfc062723c751e8b465ee728b)  -> (artifact id: '33cc6c5eaa9420d51c794bc0d2b2288a') in 0.221541 seconds 
Editor requested this worker to shutdown with reason: Scaling down because of idle timeout
AssetImportWorkerClient::OnTransportError - code=2 error=End of file
AssetImportWorker is now disconnected from the server
Process exiting
Exiting without the bug reporter. Application will terminate with return code 0